2023-12-05 19:01:18.127 [info] Telemetry level is off
2023-12-05 19:01:18.127 [info] Experiments are disabled, only manually opted experiments are active.
2023-12-05 19:01:18.248 [info] Default formatter is set to null for workspace /home/hanasa/DL
2023-12-05 19:01:18.273 [info] Test server listening.
2023-12-05 19:01:18.275 [info] Python 解释器路径: ~/miniconda3/bin/python
2023-12-05 19:01:23.763 [info] 正在启动 Pylance 语言服务器。
2023-12-05 19:01:23.787 [info] > conda info --json
2023-12-05 19:01:23.864 [info] > /opt/miniconda3/bin/conda info --json
2023-12-05 19:01:23.900 [info] > ~/.conda/bin/conda info --json
2023-12-05 19:01:23.932 [info] > ~/miniconda3/bin/conda info --json
2023-12-05 19:03:59.162 [info] > ~/miniconda3/bin/python ~/.vscode/extensions/ms-python.python-2023.20.0/pythonFiles/normalizeSelection.py
2023-12-05 19:03:59.293 [info] > ~/miniconda3/bin/conda info --json
2023-12-05 19:03:59.722 [info] Send text to terminal: source /home/hanasa/miniconda3/bin/activate base
2023-12-05 19:04:00.184 [info] Send text to terminal: trans = transforms.ToTen

2023-12-05 19:04:00.224 [info] Send text to terminal: /home/hanasa/miniconda3/bin/python
2023-12-05 19:07:36.513 [info] Send text to terminal: /home/hanasa/miniconda3/bin/python /home/hanasa/DL/3_5.py
2023-12-05 19:07:36.757 [info] Discover tests for workspace name: DL - uri: /home/hanasa/DL/3_5.py
2023-12-05 19:07:48.475 [info] Send text to terminal: /home/hanasa/miniconda3/bin/python /home/hanasa/DL/3_5.py
2023-12-05 19:08:33.754 [info] Send text to terminal: /home/hanasa/miniconda3/bin/python /home/hanasa/DL/3_5.py
2023-12-05 19:09:25.838 [info] Send text to terminal: /home/hanasa/miniconda3/bin/python /home/hanasa/DL/3_5.py
2023-12-05 19:16:54.100 [info] Discover tests for workspace name: DL - uri: /home/hanasa/DL/3_5.py
2023-12-05 19:17:10.567 [info] Send text to terminal: /home/hanasa/miniconda3/bin/python /home/hanasa/DL/3_5.py
2023-12-05 19:17:33.984 [info] Discover tests for workspace name: DL - uri: /home/hanasa/DL/3_5.py
2023-12-05 19:17:35.627 [info] Send text to terminal: /home/hanasa/miniconda3/bin/python /home/hanasa/DL/3_5.py
