2023-12-22 23:28:05.762 [info] 日志级别: Info
2023-12-22 23:28:05.762 [info] 正在验证在以下位置找到的 git: "git"
2023-12-22 23:28:05.762 [info] 将使用位于 "2.43.0" 的 Git "git"
2023-12-22 23:28:05.762 [info] > git rev-parse --show-toplevel [17ms]
2023-12-22 23:28:05.762 [info] fatal: not a git repository (or any of the parent directories): .git
2023-12-22 23:28:05.762 [info] > git rev-parse --show-toplevel [2ms]
2023-12-22 23:28:05.762 [info] fatal: not a git repository (or any of the parent directories): .git
2023-12-22 23:28:27.056 [info] > git rev-parse --show-toplevel [3ms]
2023-12-22 23:28:27.056 [info] fatal: not a git repository (or any of the parent directories): .git
2023-12-22 23:29:04.346 [info] 日志级别: Info
2023-12-22 23:29:04.346 [info] 正在验证在以下位置找到的 git: "git"
2023-12-22 23:29:04.346 [info] 将使用位于 "2.43.0" 的 Git "git"
2023-12-22 23:29:04.346 [info] > git rev-parse --show-toplevel [1ms]
2023-12-22 23:29:04.346 [info] > git rev-parse --git-dir --git-common-dir [1ms]
2023-12-22 23:29:04.346 [info] Open repository: /home/hanasa/flutter
2023-12-22 23:29:04.346 [info] > git config --get commit.template [5ms]
2023-12-22 23:29:04.346 [info] > git rev-parse --show-toplevel [2ms]
2023-12-22 23:29:04.346 [info] > git rev-parse --show-toplevel [1ms]
2023-12-22 23:29:04.346 [info] > git rev-parse --show-toplevel [1ms]
2023-12-22 23:29:04.346 [info] > git rev-parse --show-toplevel [1ms]
2023-12-22 23:29:04.346 [info] > git rev-parse --show-toplevel [1ms]
2023-12-22 23:29:04.346 [info] > git rev-parse --show-toplevel [1ms]
2023-12-22 23:29:04.346 [info] > git for-each-ref --format=%(refname)%00%(upstream:short)%00%(objectname)%00%(upstream:track)%00%(upstream:remotename)%00%(upstream:remoteref) refs/heads/stable refs/remotes/stable [42ms]
2023-12-22 23:29:04.346 [info] > git rev-parse --show-toplevel [2ms]
2023-12-22 23:29:04.859 [info] > git check-ignore -v -z --stdin [7ms]
2023-12-22 23:29:05.269 [info] > git status -z -uall [1343ms]
2023-12-22 23:29:05.282 [info] > git config --get commit.template [1ms]
2023-12-22 23:29:05.337 [info] > git for-each-ref --format=%(refname)%00%(upstream:short)%00%(objectname)%00%(upstream:track)%00%(upstream:remotename)%00%(upstream:remoteref) refs/heads/stable refs/remotes/stable [48ms]
2023-12-22 23:29:06.177 [info] > git status -z -uall [832ms]
2023-12-22 23:29:26.363 [info] > git config --get commit.template [2ms]
2023-12-22 23:29:30.127 [info] 日志级别: Info
2023-12-22 23:29:30.127 [info] 正在验证在以下位置找到的 git: "git"
2023-12-22 23:29:30.127 [info] 将使用位于 "2.43.0" 的 Git "git"
2023-12-22 23:29:30.127 [info] > git rev-parse --show-toplevel [18ms]
2023-12-22 23:29:30.127 [info] fatal: not a git repository (or any of the parent directories): .git
2023-12-22 23:29:30.127 [info] > git rev-parse --show-toplevel [5ms]
2023-12-22 23:29:30.127 [info] fatal: not a git repository (or any of the parent directories): .git
2023-12-22 23:29:30.145 [info] > git rev-parse --show-toplevel [4ms]
2023-12-22 23:29:30.145 [info] fatal: not a git repository (or any of the parent directories): .git
2023-12-22 23:29:31.694 [info] > git rev-parse --show-toplevel [218ms]
2023-12-22 23:29:31.694 [info] fatal: not a git repository (or any of the parent directories): .git
2023-12-22 23:29:31.723 [info] > git rev-parse --show-toplevel [4ms]
2023-12-22 23:29:31.723 [info] fatal: not a git repository (or any of the parent directories): .git
2023-12-22 23:29:31.754 [info] > git rev-parse --show-toplevel [5ms]
2023-12-22 23:29:31.754 [info] fatal: not a git repository (or any of the parent directories): .git
2023-12-22 23:29:31.776 [info] > git rev-parse --show-toplevel [3ms]
2023-12-22 23:29:31.776 [info] fatal: not a git repository (or any of the parent directories): .git
2023-12-22 23:29:31.798 [info] > git rev-parse --show-toplevel [3ms]
2023-12-22 23:29:31.798 [info] fatal: not a git repository (or any of the parent directories): .git
2023-12-22 23:29:31.824 [info] > git rev-parse --show-toplevel [4ms]
2023-12-22 23:29:31.824 [info] fatal: not a git repository (or any of the parent directories): .git
2023-12-22 23:29:31.849 [info] > git rev-parse --show-toplevel [3ms]
2023-12-22 23:29:31.849 [info] fatal: not a git repository (or any of the parent directories): .git
2023-12-22 23:29:31.875 [info] > git rev-parse --show-toplevel [4ms]
2023-12-22 23:29:31.875 [info] fatal: not a git repository (or any of the parent directories): .git
2023-12-22 23:29:31.901 [info] > git rev-parse --show-toplevel [4ms]
2023-12-22 23:29:31.901 [info] fatal: not a git repository (or any of the parent directories): .git
2023-12-22 23:29:31.925 [info] > git rev-parse --show-toplevel [2ms]
2023-12-22 23:29:31.925 [info] fatal: not a git repository (or any of the parent directories): .git
2023-12-22 23:29:31.945 [info] > git rev-parse --show-toplevel [3ms]
2023-12-22 23:29:31.945 [info] fatal: not a git repository (or any of the parent directories): .git
2023-12-22 23:29:31.966 [info] > git rev-parse --show-toplevel [4ms]
2023-12-22 23:29:31.966 [info] fatal: not a git repository (or any of the parent directories): .git
2023-12-22 23:29:31.986 [info] > git rev-parse --show-toplevel [3ms]
2023-12-22 23:29:31.986 [info] fatal: not a git repository (or any of the parent directories): .git
2023-12-22 23:29:33.472 [info] > git rev-parse --show-toplevel [3ms]
2023-12-22 23:29:33.472 [info] fatal: not a git repository (or any of the parent directories): .git
2023-12-22 23:29:33.748 [info] > git rev-parse --show-toplevel [4ms]
2023-12-22 23:29:33.748 [info] fatal: not a git repository (or any of the parent directories): .git
2023-12-22 23:29:34.141 [info] > git rev-parse --show-toplevel [3ms]
2023-12-22 23:29:34.141 [info] fatal: not a git repository (or any of the parent directories): .git
2023-12-22 23:29:43.363 [info] 日志级别: Info
2023-12-22 23:29:43.364 [info] 正在验证在以下位置找到的 git: "git"
2023-12-22 23:29:43.364 [info] 将使用位于 "2.43.0" 的 Git "git"
2023-12-22 23:29:43.364 [info] > git rev-parse --show-toplevel [26ms]
2023-12-22 23:29:43.364 [info] fatal: not a git repository (or any of the parent directories): .git
2023-12-22 23:29:43.364 [info] > git rev-parse --show-toplevel [16ms]
2023-12-22 23:29:43.364 [info] fatal: not a git repository (or any of the parent directories): .git
2023-12-22 23:29:43.364 [info] > git rev-parse --show-toplevel [10ms]
2023-12-22 23:29:43.364 [info] fatal: not a git repository (or any of the parent directories): .git
2023-12-22 23:29:43.365 [info] > git rev-parse --show-toplevel [6ms]
2023-12-22 23:29:43.365 [info] fatal: not a git repository (or any of the parent directories): .git
2023-12-22 23:29:43.387 [info] > git rev-parse --show-toplevel [6ms]
2023-12-22 23:29:43.387 [info] fatal: not a git repository (or any of the parent directories): .git
2023-12-22 23:29:43.405 [info] > git rev-parse --show-toplevel [2ms]
2023-12-22 23:29:43.405 [info] fatal: not a git repository (or any of the parent directories): .git
2023-12-22 23:29:43.429 [info] > git rev-parse --show-toplevel [7ms]
2023-12-22 23:29:43.429 [info] fatal: not a git repository (or any of the parent directories): .git
2023-12-22 23:29:44.931 [info] > git rev-parse --show-toplevel [194ms]
2023-12-22 23:29:44.931 [info] fatal: not a git repository (or any of the parent directories): .git
2023-12-22 23:29:44.950 [info] > git rev-parse --show-toplevel [2ms]
2023-12-22 23:29:44.950 [info] fatal: not a git repository (or any of the parent directories): .git
2023-12-22 23:29:44.968 [info] > git rev-parse --show-toplevel [2ms]
2023-12-22 23:29:44.968 [info] fatal: not a git repository (or any of the parent directories): .git
2023-12-22 23:29:44.983 [info] > git rev-parse --show-toplevel [2ms]
2023-12-22 23:29:44.983 [info] fatal: not a git repository (or any of the parent directories): .git
2023-12-22 23:29:44.998 [info] > git rev-parse --show-toplevel [3ms]
2023-12-22 23:29:44.998 [info] fatal: not a git repository (or any of the parent directories): .git
2023-12-22 23:29:45.015 [info] > git rev-parse --show-toplevel [2ms]
2023-12-22 23:29:45.015 [info] fatal: not a git repository (or any of the parent directories): .git
2023-12-22 23:29:45.033 [info] > git rev-parse --show-toplevel [1ms]
2023-12-22 23:29:45.033 [info] fatal: not a git repository (or any of the parent directories): .git
2023-12-22 23:29:45.049 [info] > git rev-parse --show-toplevel [1ms]
2023-12-22 23:29:45.049 [info] fatal: not a git repository (or any of the parent directories): .git
2023-12-22 23:29:46.028 [info] > git rev-parse --show-toplevel [2ms]
2023-12-22 23:29:46.028 [info] fatal: not a git repository (or any of the parent directories): .git
2023-12-22 23:29:46.184 [info] > git rev-parse --show-toplevel [3ms]
2023-12-22 23:29:46.184 [info] fatal: not a git repository (or any of the parent directories): .git
2023-12-22 23:29:46.420 [info] > git rev-parse --show-toplevel [2ms]
2023-12-22 23:29:46.420 [info] fatal: not a git repository (or any of the parent directories): .git
