2024-01-06 22:12:31.288 [info] 日志级别: Info
2024-01-06 22:12:31.288 [info] 正在验证在以下位置找到的 git: "git"
2024-01-06 22:12:31.288 [info] 将使用位于 "2.43.0" 的 Git "git"
2024-01-06 22:12:31.288 [info] > git rev-parse --show-toplevel [12ms]
2024-01-06 22:12:31.288 [info] fatal: not a git repository (or any of the parent directories): .git
2024-01-06 22:12:31.288 [info] > git rev-parse --show-toplevel [5ms]
2024-01-06 22:12:31.288 [info] fatal: not a git repository (or any of the parent directories): .git
2024-01-06 22:12:31.288 [info] > git rev-parse --show-toplevel [3ms]
2024-01-06 22:12:31.288 [info] fatal: not a git repository (or any of the parent directories): .git
2024-01-06 22:12:31.494 [info] > git rev-parse --show-toplevel [195ms]
2024-01-06 22:12:31.494 [info] fatal: not a git repository (or any of the parent directories): .git
2024-01-06 22:12:31.514 [info] > git rev-parse --show-toplevel [8ms]
2024-01-06 22:12:31.514 [info] fatal: not a git repository (or any of the parent directories): .git
2024-01-06 22:12:31.531 [info] > git rev-parse --show-toplevel [4ms]
2024-01-06 22:12:31.531 [info] fatal: not a git repository (or any of the parent directories): .git
2024-01-06 22:12:31.563 [info] > git rev-parse --show-toplevel [25ms]
2024-01-06 22:12:31.563 [info] fatal: not a git repository (or any of the parent directories): .git
2024-01-06 22:12:31.574 [info] > git rev-parse --show-toplevel [3ms]
2024-01-06 22:12:31.574 [info] fatal: not a git repository (or any of the parent directories): .git
2024-01-06 22:12:31.590 [info] > git rev-parse --show-toplevel [7ms]
2024-01-06 22:12:31.590 [info] fatal: not a git repository (or any of the parent directories): .git
2024-01-06 22:12:31.611 [info] > git rev-parse --show-toplevel [6ms]
2024-01-06 22:12:31.612 [info] fatal: not a git repository (or any of the parent directories): .git
2024-01-06 22:12:31.631 [info] > git rev-parse --show-toplevel [3ms]
2024-01-06 22:12:31.631 [info] fatal: not a git repository (or any of the parent directories): .git
2024-01-06 22:12:31.648 [info] > git rev-parse --show-toplevel [2ms]
2024-01-06 22:12:31.648 [info] fatal: not a git repository (or any of the parent directories): .git
2024-01-06 22:12:31.664 [info] > git rev-parse --show-toplevel [4ms]
2024-01-06 22:12:31.664 [info] fatal: not a git repository (or any of the parent directories): .git
2024-01-06 22:12:33.350 [info] > git rev-parse --show-toplevel [53ms]
2024-01-06 22:12:33.350 [info] fatal: not a git repository (or any of the parent directories): .git
2024-01-06 22:12:33.389 [info] > git rev-parse --show-toplevel [18ms]
2024-01-06 22:12:33.389 [info] fatal: not a git repository (or any of the parent directories): .git
2024-01-06 22:12:33.537 [info] > git rev-parse --show-toplevel [4ms]
2024-01-06 22:12:33.537 [info] fatal: not a git repository (or any of the parent directories): .git
2024-01-06 22:12:42.937 [info] > git rev-parse --show-toplevel [9ms]
2024-01-06 22:12:42.937 [info] fatal: not a git repository (or any of the parent directories): .git
