2023-12-22 23:48:38.742 [info] 日志级别: Info
2023-12-22 23:48:38.742 [info] 正在验证在以下位置找到的 git: "git"
2023-12-22 23:48:38.742 [info] 将使用位于 "2.43.0" 的 Git "git"
2023-12-22 23:48:38.742 [info] > git rev-parse --show-toplevel [8ms]
2023-12-22 23:48:38.742 [info] fatal: not a git repository (or any of the parent directories): .git
2023-12-22 23:48:38.742 [info] > git rev-parse --show-toplevel [615ms]
2023-12-22 23:48:38.742 [info] fatal: not a git repository (or any of the parent directories): .git
2023-12-22 23:48:38.742 [info] > git rev-parse --show-toplevel [32ms]
2023-12-22 23:48:38.742 [info] fatal: not a git repository (or any of the parent directories): .git
2023-12-22 23:48:38.761 [info] > git rev-parse --show-toplevel [7ms]
2023-12-22 23:48:38.761 [info] fatal: not a git repository (or any of the parent directories): .git
2023-12-22 23:48:38.778 [info] > git rev-parse --show-toplevel [3ms]
2023-12-22 23:48:38.778 [info] fatal: not a git repository (or any of the parent directories): .git
2023-12-22 23:48:38.797 [info] > git rev-parse --show-toplevel [5ms]
2023-12-22 23:48:38.797 [info] fatal: not a git repository (or any of the parent directories): .git
2023-12-22 23:48:38.815 [info] > git rev-parse --show-toplevel [5ms]
2023-12-22 23:48:38.816 [info] fatal: not a git repository (or any of the parent directories): .git
2023-12-22 23:48:38.853 [info] > git rev-parse --show-toplevel [12ms]
2023-12-22 23:48:38.853 [info] fatal: not a git repository (or any of the parent directories): .git
2023-12-22 23:48:38.867 [info] > git rev-parse --show-toplevel [1ms]
2023-12-22 23:48:38.867 [info] fatal: not a git repository (or any of the parent directories): .git
2023-12-22 23:48:38.883 [info] > git rev-parse --show-toplevel [1ms]
2023-12-22 23:48:38.883 [info] fatal: not a git repository (or any of the parent directories): .git
2023-12-22 23:48:38.899 [info] > git rev-parse --show-toplevel [2ms]
2023-12-22 23:48:38.899 [info] fatal: not a git repository (or any of the parent directories): .git
2023-12-22 23:48:38.913 [info] > git rev-parse --show-toplevel [1ms]
2023-12-22 23:48:38.913 [info] fatal: not a git repository (or any of the parent directories): .git
2023-12-22 23:48:38.926 [info] > git rev-parse --show-toplevel [2ms]
2023-12-22 23:48:38.926 [info] fatal: not a git repository (or any of the parent directories): .git
2023-12-22 23:48:38.940 [info] > git rev-parse --show-toplevel [2ms]
2023-12-22 23:48:38.940 [info] fatal: not a git repository (or any of the parent directories): .git
2023-12-22 23:48:38.953 [info] > git rev-parse --show-toplevel [1ms]
2023-12-22 23:48:38.953 [info] fatal: not a git repository (or any of the parent directories): .git
2023-12-22 23:48:39.102 [info] > git rev-parse --show-toplevel [1ms]
2023-12-22 23:48:39.102 [info] fatal: not a git repository (or any of the parent directories): .git
2023-12-22 23:48:43.382 [info] > git rev-parse --show-toplevel [6ms]
2023-12-22 23:48:43.382 [info] fatal: not a git repository (or any of the parent directories): .git
2023-12-22 23:48:43.632 [info] > git rev-parse --show-toplevel [1ms]
2023-12-22 23:48:43.632 [info] fatal: not a git repository (or any of the parent directories): .git
