2024-01-06 21:10:23.241 [info] Extension host with pid 2203 started
2024-01-06 21:10:23.241 [info] Skipping acquiring lock for /home/hanasa/.config/Code/User/workspaceStorage/11187373a7c45b682a40fb8bb1e03436.
2024-01-06 21:10:23.454 [info] ExtensionService#_doActivateExtension vscode.emmet, startup: false, activationEvent: 'onLanguage'
2024-01-06 21:10:23.455 [info] ExtensionService#_doActivateExtension Dart-Code.dart-code, startup: false, activationEvent: 'onLanguage:dart'
2024-01-06 21:10:24.027 [info] ExtensionService#_doActivateExtension Dart-Code.flutter, startup: false, activationEvent: 'api', root cause: Dart-Code.dart-code
2024-01-06 21:10:24.348 [info] ExtensionService#_doActivateExtension vscode.git-base, startup: true, activationEvent: '*', root cause: vscode.git
2024-01-06 21:10:24.349 [info] ExtensionService#_doActivateExtension manasxx.background-cover, startup: true, activationEvent: '*'
2024-01-06 21:10:24.548 [error] [Dart-Code.dart-code] provider FAILED
2024-01-06 21:10:24.548 [error] Error: File is not being analyzed
	at handleResponse (/home/hanasa/.vscode/extensions/dart-code.dart-code-3.76.1/out/dist/extension.js:30088:48)
	at handleMessage (/home/hanasa/.vscode/extensions/dart-code.dart-code-3.76.1/out/dist/extension.js:29868:13)
	at processMessageQueue (/home/hanasa/.vscode/extensions/dart-code.dart-code-3.76.1/out/dist/extension.js:29885:17)
	at Immediate.<anonymous> (/home/hanasa/.vscode/extensions/dart-code.dart-code-3.76.1/out/dist/extension.js:29857:13)
	at process.processImmediate (node:internal/timers:476:21)
2024-01-06 21:10:24.616 [info] ExtensionService#_doActivateExtension vscode.git, startup: true, activationEvent: '*'
2024-01-06 21:10:24.618 [info] ExtensionService#_doActivateExtension vscode.github, startup: true, activationEvent: '*'
2024-01-06 21:10:24.855 [info] Eager extensions activated
2024-01-06 21:10:24.941 [info] ExtensionService#_doActivateExtension vscode.debug-auto-launch, startup: false, activationEvent: 'onStartupFinished'
2024-01-06 21:10:24.942 [info] ExtensionService#_doActivateExtension vscode.merge-conflict, startup: false, activationEvent: 'onStartupFinished'
2024-01-06 21:10:24.942 [info] ExtensionService#_doActivateExtension Catppuccin.catppuccin-vsc, startup: false, activationEvent: 'onStartupFinished'
2024-01-06 21:10:24.947 [info] ExtensionService#_doActivateExtension equinusocio.vsc-material-theme-icons, startup: false, activationEvent: 'onStartupFinished'
2024-01-06 21:10:25.016 [info] ExtensionService#_doActivateExtension unthrottled.doki-theme, startup: false, activationEvent: 'onStartupFinished'
2024-01-06 21:10:25.060 [info] ExtensionService#_doActivateExtension vscodevim.vim, startup: false, activationEvent: 'onStartupFinished'
2024-01-06 21:10:25.183 [info] ExtensionService#_doActivateExtension yy0931.vscode-sqlite3-editor, startup: false, activationEvent: 'onStartupFinished'
2024-01-06 21:10:26.844 [error] Error: ENOENT: no such file or directory, open '/home/hanasa/.config/Code/User/globalStorage/vscodevim.vim/.registers'
2024-01-06 21:14:31.416 [info] ExtensionService#_doActivateExtension ms-vscode.cpptools, startup: false, activationEvent: 'onLanguage:c'
2024-01-06 21:14:31.774 [info] ExtensionService#_doActivateExtension ms-vscode.cmake-tools, startup: false, activationEvent: 'workspaceContains:*/CMakeLists.txt,*/*/CMakeLists.txt,*/*/*/CMakeLists.txt'
2024-01-06 21:16:13.546 [warning] ms-vscode.cpptools - Code actions of kind 'quickfix 'requested but returned code action is of kind 'refactor.extract.function'. Code action will be dropped. Please check 'CodeActionContext.only' to only return requested code actions.
2024-01-06 21:16:23.224 [warning] ms-vscode.cpptools - Code actions of kind 'quickfix 'requested but returned code action is of kind 'refactor.extract.function'. Code action will be dropped. Please check 'CodeActionContext.only' to only return requested code actions.
2024-01-06 21:16:24.583 [warning] ms-vscode.cpptools - Code actions of kind 'quickfix 'requested but returned code action is of kind 'refactor.extract.function'. Code action will be dropped. Please check 'CodeActionContext.only' to only return requested code actions.
2024-01-06 22:12:17.431 [info] Extension host terminating: renderer closed the MessagePort
2024-01-06 22:12:17.440 [warning] TextEditor is closed/disposed
2024-01-06 22:12:17.456 [warning] Canceled
2024-01-06 22:12:17.458 [error] Canceled: Canceled
	at new g (/opt/visual-studio-code/resources/app/out/vs/workbench/api/node/extensionHostProcess.js:141:110274)
	at l.U (/opt/visual-studio-code/resources/app/out/vs/workbench/api/node/extensionHostProcess.js:150:10866)
	at P.<computed>.j.charCodeAt.P.<computed> (/opt/visual-studio-code/resources/app/out/vs/workbench/api/node/extensionHostProcess.js:150:8317)
	at d.g (/opt/visual-studio-code/resources/app/out/vs/workbench/api/node/extensionHostProcess.js:141:139555)
	at d.executeCommand (/opt/visual-studio-code/resources/app/out/vs/workbench/api/node/extensionHostProcess.js:141:138993)
	at p.registerCommand.description (/opt/visual-studio-code/resources/app/out/vs/workbench/api/node/extensionHostProcess.js:141:138317)
	at d.h (/opt/visual-studio-code/resources/app/out/vs/workbench/api/node/extensionHostProcess.js:141:140094)
	at d.g (/opt/visual-studio-code/resources/app/out/vs/workbench/api/node/extensionHostProcess.js:141:139086)
	at d.executeCommand (/opt/visual-studio-code/resources/app/out/vs/workbench/api/node/extensionHostProcess.js:141:138993)
	at Object.executeCommand (/opt/visual-studio-code/resources/app/out/vs/workbench/api/node/extensionHostProcess.js:158:21333)
	at setCommandVisiblity (/home/hanasa/.vscode/extensions/dart-code.dart-code-3.76.1/out/dist/extension.js:13823:22)
	at Object.<anonymous> (/home/hanasa/.vscode/extensions/dart-code.dart-code-3.76.1/out/dist/extension.js:13805:9)
	at Generator.next (<anonymous>)
	at /home/hanasa/.vscode/extensions/dart-code.dart-code-3.76.1/out/dist/extension.js:12951:71
	at new Promise (<anonymous>)
	at __webpack_modules__.1892.__awaiter (/home/hanasa/.vscode/extensions/dart-code.dart-code-3.76.1/out/dist/extension.js:12947:12)
	at Object.deactivate (/home/hanasa/.vscode/extensions/dart-code.dart-code-3.76.1/out/dist/extension.js:13804:12)
	at f.cb (/opt/visual-studio-code/resources/app/out/vs/workbench/api/node/extensionHostProcess.js:154:9678)
	at /opt/visual-studio-code/resources/app/out/vs/workbench/api/node/extensionHostProcess.js:154:7808
	at Array.map (<anonymous>)
	at f.Y (/opt/visual-studio-code/resources/app/out/vs/workbench/api/node/extensionHostProcess.js:154:7795)
	at f.terminate (/opt/visual-studio-code/resources/app/out/vs/workbench/api/node/extensionHostProcess.js:154:8068)
	at s.terminate (/opt/visual-studio-code/resources/app/out/vs/workbench/api/node/extensionHostProcess.js:158:1513)
	at a (/opt/visual-studio-code/resources/app/out/vs/workbench/api/node/extensionHostProcess.js:171:9802)
	at MessagePortMain.<anonymous> (/opt/visual-studio-code/resources/app/out/vs/workbench/api/node/extensionHostProcess.js:171:6227)
	at MessagePortMain.emit (node:events:513:28)
	at MessagePortMain._internalPort.emit (node:electron/js2c/utility_init:2:367) setContext undefined
2024-01-06 22:12:17.458 [error] Canceled: Canceled
	at new g (/opt/visual-studio-code/resources/app/out/vs/workbench/api/node/extensionHostProcess.js:141:110274)
	at l.U (/opt/visual-studio-code/resources/app/out/vs/workbench/api/node/extensionHostProcess.js:150:10866)
	at P.<computed>.j.charCodeAt.P.<computed> (/opt/visual-studio-code/resources/app/out/vs/workbench/api/node/extensionHostProcess.js:150:8317)
	at d.g (/opt/visual-studio-code/resources/app/out/vs/workbench/api/node/extensionHostProcess.js:141:139555)
	at d.executeCommand (/opt/visual-studio-code/resources/app/out/vs/workbench/api/node/extensionHostProcess.js:141:138993)
	at p.registerCommand.description (/opt/visual-studio-code/resources/app/out/vs/workbench/api/node/extensionHostProcess.js:141:138317)
	at d.h (/opt/visual-studio-code/resources/app/out/vs/workbench/api/node/extensionHostProcess.js:141:140094)
	at d.g (/opt/visual-studio-code/resources/app/out/vs/workbench/api/node/extensionHostProcess.js:141:139086)
	at d.executeCommand (/opt/visual-studio-code/resources/app/out/vs/workbench/api/node/extensionHostProcess.js:141:138993)
	at Object.executeCommand (/opt/visual-studio-code/resources/app/out/vs/workbench/api/node/extensionHostProcess.js:158:21333)
	at setCommandVisiblity (/home/hanasa/.vscode/extensions/dart-code.dart-code-3.76.1/out/dist/extension.js:13824:22)
	at Object.<anonymous> (/home/hanasa/.vscode/extensions/dart-code.dart-code-3.76.1/out/dist/extension.js:13805:9)
	at Generator.next (<anonymous>)
	at /home/hanasa/.vscode/extensions/dart-code.dart-code-3.76.1/out/dist/extension.js:12951:71
	at new Promise (<anonymous>)
	at __webpack_modules__.1892.__awaiter (/home/hanasa/.vscode/extensions/dart-code.dart-code-3.76.1/out/dist/extension.js:12947:12)
	at Object.deactivate (/home/hanasa/.vscode/extensions/dart-code.dart-code-3.76.1/out/dist/extension.js:13804:12)
	at f.cb (/opt/visual-studio-code/resources/app/out/vs/workbench/api/node/extensionHostProcess.js:154:9678)
	at /opt/visual-studio-code/resources/app/out/vs/workbench/api/node/extensionHostProcess.js:154:7808
	at Array.map (<anonymous>)
	at f.Y (/opt/visual-studio-code/resources/app/out/vs/workbench/api/node/extensionHostProcess.js:154:7795)
	at f.terminate (/opt/visual-studio-code/resources/app/out/vs/workbench/api/node/extensionHostProcess.js:154:8068)
	at s.terminate (/opt/visual-studio-code/resources/app/out/vs/workbench/api/node/extensionHostProcess.js:158:1513)
	at a (/opt/visual-studio-code/resources/app/out/vs/workbench/api/node/extensionHostProcess.js:171:9802)
	at MessagePortMain.<anonymous> (/opt/visual-studio-code/resources/app/out/vs/workbench/api/node/extensionHostProcess.js:171:6227)
	at MessagePortMain.emit (node:events:513:28)
	at MessagePortMain._internalPort.emit (node:electron/js2c/utility_init:2:367) setContext undefined
2024-01-06 22:12:17.458 [error] Canceled: Canceled
	at new g (/opt/visual-studio-code/resources/app/out/vs/workbench/api/node/extensionHostProcess.js:141:110274)
	at l.U (/opt/visual-studio-code/resources/app/out/vs/workbench/api/node/extensionHostProcess.js:150:10866)
	at P.<computed>.j.charCodeAt.P.<computed> (/opt/visual-studio-code/resources/app/out/vs/workbench/api/node/extensionHostProcess.js:150:8317)
	at d.g (/opt/visual-studio-code/resources/app/out/vs/workbench/api/node/extensionHostProcess.js:141:139555)
	at d.executeCommand (/opt/visual-studio-code/resources/app/out/vs/workbench/api/node/extensionHostProcess.js:141:138993)
	at p.registerCommand.description (/opt/visual-studio-code/resources/app/out/vs/workbench/api/node/extensionHostProcess.js:141:138317)
	at d.h (/opt/visual-studio-code/resources/app/out/vs/workbench/api/node/extensionHostProcess.js:141:140094)
	at d.g (/opt/visual-studio-code/resources/app/out/vs/workbench/api/node/extensionHostProcess.js:141:139086)
	at d.executeCommand (/opt/visual-studio-code/resources/app/out/vs/workbench/api/node/extensionHostProcess.js:141:138993)
	at Object.executeCommand (/opt/visual-studio-code/resources/app/out/vs/workbench/api/node/extensionHostProcess.js:158:21333)
	at setCommandVisiblity (/home/hanasa/.vscode/extensions/dart-code.dart-code-3.76.1/out/dist/extension.js:13825:22)
	at Object.<anonymous> (/home/hanasa/.vscode/extensions/dart-code.dart-code-3.76.1/out/dist/extension.js:13805:9)
	at Generator.next (<anonymous>)
	at /home/hanasa/.vscode/extensions/dart-code.dart-code-3.76.1/out/dist/extension.js:12951:71
	at new Promise (<anonymous>)
	at __webpack_modules__.1892.__awaiter (/home/hanasa/.vscode/extensions/dart-code.dart-code-3.76.1/out/dist/extension.js:12947:12)
	at Object.deactivate (/home/hanasa/.vscode/extensions/dart-code.dart-code-3.76.1/out/dist/extension.js:13804:12)
	at f.cb (/opt/visual-studio-code/resources/app/out/vs/workbench/api/node/extensionHostProcess.js:154:9678)
	at /opt/visual-studio-code/resources/app/out/vs/workbench/api/node/extensionHostProcess.js:154:7808
	at Array.map (<anonymous>)
	at f.Y (/opt/visual-studio-code/resources/app/out/vs/workbench/api/node/extensionHostProcess.js:154:7795)
	at f.terminate (/opt/visual-studio-code/resources/app/out/vs/workbench/api/node/extensionHostProcess.js:154:8068)
	at s.terminate (/opt/visual-studio-code/resources/app/out/vs/workbench/api/node/extensionHostProcess.js:158:1513)
	at a (/opt/visual-studio-code/resources/app/out/vs/workbench/api/node/extensionHostProcess.js:171:9802)
	at MessagePortMain.<anonymous> (/opt/visual-studio-code/resources/app/out/vs/workbench/api/node/extensionHostProcess.js:171:6227)
	at MessagePortMain.emit (node:events:513:28)
	at MessagePortMain._internalPort.emit (node:electron/js2c/utility_init:2:367) setContext undefined
2024-01-06 22:12:17.458 [error] Canceled: Canceled
	at new g (/opt/visual-studio-code/resources/app/out/vs/workbench/api/node/extensionHostProcess.js:141:110274)
	at l.U (/opt/visual-studio-code/resources/app/out/vs/workbench/api/node/extensionHostProcess.js:150:10866)
	at P.<computed>.j.charCodeAt.P.<computed> (/opt/visual-studio-code/resources/app/out/vs/workbench/api/node/extensionHostProcess.js:150:8317)
	at d.g (/opt/visual-studio-code/resources/app/out/vs/workbench/api/node/extensionHostProcess.js:141:139555)
	at d.executeCommand (/opt/visual-studio-code/resources/app/out/vs/workbench/api/node/extensionHostProcess.js:141:138993)
	at p.registerCommand.description (/opt/visual-studio-code/resources/app/out/vs/workbench/api/node/extensionHostProcess.js:141:138317)
	at d.h (/opt/visual-studio-code/resources/app/out/vs/workbench/api/node/extensionHostProcess.js:141:140094)
	at d.g (/opt/visual-studio-code/resources/app/out/vs/workbench/api/node/extensionHostProcess.js:141:139086)
	at d.executeCommand (/opt/visual-studio-code/resources/app/out/vs/workbench/api/node/extensionHostProcess.js:141:138993)
	at Object.executeCommand (/opt/visual-studio-code/resources/app/out/vs/workbench/api/node/extensionHostProcess.js:158:21333)
	at setCommandVisiblity (/home/hanasa/.vscode/extensions/dart-code.dart-code-3.76.1/out/dist/extension.js:13826:22)
	at Object.<anonymous> (/home/hanasa/.vscode/extensions/dart-code.dart-code-3.76.1/out/dist/extension.js:13805:9)
	at Generator.next (<anonymous>)
	at /home/hanasa/.vscode/extensions/dart-code.dart-code-3.76.1/out/dist/extension.js:12951:71
	at new Promise (<anonymous>)
	at __webpack_modules__.1892.__awaiter (/home/hanasa/.vscode/extensions/dart-code.dart-code-3.76.1/out/dist/extension.js:12947:12)
	at Object.deactivate (/home/hanasa/.vscode/extensions/dart-code.dart-code-3.76.1/out/dist/extension.js:13804:12)
	at f.cb (/opt/visual-studio-code/resources/app/out/vs/workbench/api/node/extensionHostProcess.js:154:9678)
	at /opt/visual-studio-code/resources/app/out/vs/workbench/api/node/extensionHostProcess.js:154:7808
	at Array.map (<anonymous>)
	at f.Y (/opt/visual-studio-code/resources/app/out/vs/workbench/api/node/extensionHostProcess.js:154:7795)
	at f.terminate (/opt/visual-studio-code/resources/app/out/vs/workbench/api/node/extensionHostProcess.js:154:8068)
	at s.terminate (/opt/visual-studio-code/resources/app/out/vs/workbench/api/node/extensionHostProcess.js:158:1513)
	at a (/opt/visual-studio-code/resources/app/out/vs/workbench/api/node/extensionHostProcess.js:171:9802)
	at MessagePortMain.<anonymous> (/opt/visual-studio-code/resources/app/out/vs/workbench/api/node/extensionHostProcess.js:171:6227)
	at MessagePortMain.emit (node:events:513:28)
	at MessagePortMain._internalPort.emit (node:electron/js2c/utility_init:2:367) setContext undefined
2024-01-06 22:12:17.458 [error] Error: ENOENT: no such file or directory, open '/home/hanasa/.config/Code/User/globalStorage/vscodevim.vim/.registers'
2024-01-06 22:12:17.462 [error] Canceled: Canceled
	at new g (/opt/visual-studio-code/resources/app/out/vs/workbench/api/node/extensionHostProcess.js:141:110274)
	at l.U (/opt/visual-studio-code/resources/app/out/vs/workbench/api/node/extensionHostProcess.js:150:10866)
	at P.<computed>.j.charCodeAt.P.<computed> (/opt/visual-studio-code/resources/app/out/vs/workbench/api/node/extensionHostProcess.js:150:8317)
	at d.g (/opt/visual-studio-code/resources/app/out/vs/workbench/api/node/extensionHostProcess.js:141:139555)
	at d.executeCommand (/opt/visual-studio-code/resources/app/out/vs/workbench/api/node/extensionHostProcess.js:141:138993)
	at p.registerCommand.description (/opt/visual-studio-code/resources/app/out/vs/workbench/api/node/extensionHostProcess.js:141:138317)
	at d.h (/opt/visual-studio-code/resources/app/out/vs/workbench/api/node/extensionHostProcess.js:141:140094)
	at d.g (/opt/visual-studio-code/resources/app/out/vs/workbench/api/node/extensionHostProcess.js:141:139086)
	at d.executeCommand (/opt/visual-studio-code/resources/app/out/vs/workbench/api/node/extensionHostProcess.js:141:138993)
	at Object.executeCommand (/opt/visual-studio-code/resources/app/out/vs/workbench/api/node/extensionHostProcess.js:158:21333)
	at Object.<anonymous> (/home/hanasa/.vscode/extensions/dart-code.dart-code-3.76.1/out/dist/extension.js:13812:26)
	at Generator.next (<anonymous>)
	at fulfilled (/home/hanasa/.vscode/extensions/dart-code.dart-code-3.76.1/out/dist/extension.js:12948:58) setContext undefined
2024-01-06 22:12:17.462 [error] Canceled: Canceled
	at new g (/opt/visual-studio-code/resources/app/out/vs/workbench/api/node/extensionHostProcess.js:141:110274)
	at l.U (/opt/visual-studio-code/resources/app/out/vs/workbench/api/node/extensionHostProcess.js:150:10866)
	at P.<computed>.j.charCodeAt.P.<computed> (/opt/visual-studio-code/resources/app/out/vs/workbench/api/node/extensionHostProcess.js:150:8317)
	at d.g (/opt/visual-studio-code/resources/app/out/vs/workbench/api/node/extensionHostProcess.js:141:139555)
	at d.executeCommand (/opt/visual-studio-code/resources/app/out/vs/workbench/api/node/extensionHostProcess.js:141:138993)
	at p.registerCommand.description (/opt/visual-studio-code/resources/app/out/vs/workbench/api/node/extensionHostProcess.js:141:138317)
	at d.h (/opt/visual-studio-code/resources/app/out/vs/workbench/api/node/extensionHostProcess.js:141:140094)
	at d.g (/opt/visual-studio-code/resources/app/out/vs/workbench/api/node/extensionHostProcess.js:141:139086)
	at d.executeCommand (/opt/visual-studio-code/resources/app/out/vs/workbench/api/node/extensionHostProcess.js:141:138993)
	at Object.executeCommand (/opt/visual-studio-code/resources/app/out/vs/workbench/api/node/extensionHostProcess.js:158:21333)
	at Object.<anonymous> (/home/hanasa/.vscode/extensions/dart-code.dart-code-3.76.1/out/dist/extension.js:13814:30)
	at Generator.next (<anonymous>)
	at fulfilled (/home/hanasa/.vscode/extensions/dart-code.dart-code-3.76.1/out/dist/extension.js:12948:58) setContext undefined
2024-01-06 22:12:17.462 [error] Canceled: Canceled
	at new g (/opt/visual-studio-code/resources/app/out/vs/workbench/api/node/extensionHostProcess.js:141:110274)
	at l.U (/opt/visual-studio-code/resources/app/out/vs/workbench/api/node/extensionHostProcess.js:150:10866)
	at P.<computed>.j.charCodeAt.P.<computed> (/opt/visual-studio-code/resources/app/out/vs/workbench/api/node/extensionHostProcess.js:150:8317)
	at d.g (/opt/visual-studio-code/resources/app/out/vs/workbench/api/node/extensionHostProcess.js:141:139555)
	at d.executeCommand (/opt/visual-studio-code/resources/app/out/vs/workbench/api/node/extensionHostProcess.js:141:138993)
	at p.registerCommand.description (/opt/visual-studio-code/resources/app/out/vs/workbench/api/node/extensionHostProcess.js:141:138317)
	at d.h (/opt/visual-studio-code/resources/app/out/vs/workbench/api/node/extensionHostProcess.js:141:140094)
	at d.g (/opt/visual-studio-code/resources/app/out/vs/workbench/api/node/extensionHostProcess.js:141:139086)
	at d.executeCommand (/opt/visual-studio-code/resources/app/out/vs/workbench/api/node/extensionHostProcess.js:141:138993)
	at Object.executeCommand (/opt/visual-studio-code/resources/app/out/vs/workbench/api/node/extensionHostProcess.js:158:21333)
	at Object.<anonymous> (/home/hanasa/.vscode/extensions/dart-code.dart-code-3.76.1/out/dist/extension.js:13815:30)
	at Generator.next (<anonymous>)
	at fulfilled (/home/hanasa/.vscode/extensions/dart-code.dart-code-3.76.1/out/dist/extension.js:12948:58) setContext undefined
2024-01-06 22:12:17.487 [info] Extension host with pid 2203 exiting with code 0
