2023-12-22 23:28:02.245 [warning] Via 'product.json#extensionEnabledApiProposals' extension 'ms-python.python' wants API proposal 'registerIssueDataProvider' but that proposal DOES NOT EXIST. Likely, the proposal has been finalized (check 'vscode.d.ts') or was abandoned.
2023-12-22 23:28:02.776 [info] Started local extension host with pid 7282.
2023-12-22 23:28:05.609 [info] [perf] Render performance baseline is 24ms
2023-12-22 23:28:06.744 [error] ENOENT: no such file or directory, open '/home/hanasa/.config/Code/User/globalStorage/vscodevim.vim/.registers': Error: ENOENT: no such file or directory, open '/home/hanasa/.config/Code/User/globalStorage/vscodevim.vim/.registers'
2023-12-22 23:29:03.086 [warning] Via 'product.json#extensionEnabledApiProposals' extension 'ms-python.python' wants API proposal 'registerIssueDataProvider' but that proposal DOES NOT EXIST. Likely, the proposal has been finalized (check 'vscode.d.ts') or was abandoned.
2023-12-22 23:29:03.231 [info] Started local extension host with pid 8477.
2023-12-22 23:29:05.793 [error] ENOENT: no such file or directory, open '/home/hanasa/.config/Code/User/globalStorage/vscodevim.vim/.registers': Error: ENOENT: no such file or directory, open '/home/hanasa/.config/Code/User/globalStorage/vscodevim.vim/.registers'
2023-12-22 23:29:05.990 [info] [perf] Render performance baseline is 83ms
2023-12-22 23:29:26.812 [warning] Via 'product.json#extensionEnabledApiProposals' extension 'ms-python.python' wants API proposal 'registerIssueDataProvider' but that proposal DOES NOT EXIST. Likely, the proposal has been finalized (check 'vscode.d.ts') or was abandoned.
2023-12-22 23:29:27.168 [info] Started local extension host with pid 8904.
2023-12-22 23:29:32.786 [error] ENOENT: no such file or directory, open '/home/hanasa/.config/Code/User/globalStorage/vscodevim.vim/.registers': Error: ENOENT: no such file or directory, open '/home/hanasa/.config/Code/User/globalStorage/vscodevim.vim/.registers'
2023-12-22 23:29:33.995 [info] [perf] Render performance baseline is 79ms
2023-12-22 23:29:40.607 [warning] Via 'product.json#extensionEnabledApiProposals' extension 'ms-python.python' wants API proposal 'registerIssueDataProvider' but that proposal DOES NOT EXIST. Likely, the proposal has been finalized (check 'vscode.d.ts') or was abandoned.
2023-12-22 23:29:40.881 [info] Started local extension host with pid 9573.
2023-12-22 23:29:45.121 [error] File is not being analyzed: Error: File is not being analyzed
	at handleResponse (/home/hanasa/.vscode/extensions/dart-code.dart-code-3.76.1/out/dist/extension.js:30088:48)
	at handleMessage (/home/hanasa/.vscode/extensions/dart-code.dart-code-3.76.1/out/dist/extension.js:29868:13)
	at processMessageQueue (/home/hanasa/.vscode/extensions/dart-code.dart-code-3.76.1/out/dist/extension.js:29885:17)
	at Immediate.<anonymous> (/home/hanasa/.vscode/extensions/dart-code.dart-code-3.76.1/out/dist/extension.js:29857:13)
	at process.processImmediate (node:internal/timers:476:21)
2023-12-22 23:29:45.923 [error] ENOENT: no such file or directory, open '/home/hanasa/.config/Code/User/globalStorage/vscodevim.vim/.registers': Error: ENOENT: no such file or directory, open '/home/hanasa/.config/Code/User/globalStorage/vscodevim.vim/.registers'
2023-12-22 23:29:46.546 [info] [perf] Render performance baseline is 128ms
