2023-12-22 23:28:02.511 [info] Added views:workbench.panel.markers.view in workbench.panel.markers
2023-12-22 23:28:02.511 [info] Added views:workbench.panel.output in workbench.panel.output
2023-12-22 23:28:02.511 [info] Added views:terminal in terminal
2023-12-22 23:28:02.511 [info] Added views:outline in workbench.view.explorer
2023-12-22 23:28:02.511 [info] Added views:workbench.scm in workbench.view.scm
2023-12-22 23:28:02.511 [info] Added views:workbench.view.search in workbench.view.search
2023-12-22 23:28:02.511 [info] Added views:timeline in workbench.view.explorer
2023-12-22 23:28:02.511 [info] Added views:workbench.explorer.fileView in workbench.view.explorer
2023-12-22 23:28:02.805 [info] Added views:workbench.debug.welcome in workbench.view.debug
2023-12-22 23:28:03.513 [info] Added views:workspaceEnvironments,pythonEnvironments in workbench.view.extension.package-explorer
2023-12-22 23:28:03.739 [info] Added views:workbench.panel.repl.view in workbench.panel.repl
2023-12-22 23:28:04.145 [info] Added views:~remote.forwardedPorts in ~remote.forwardedPortsContainer
2023-12-22 23:28:04.372 [info] Added views:workbench.view.testing in workbench.view.extension.test
2023-12-22 23:29:02.824 [info] Removed views:workbench.view.testing from workbench.view.extension.test
2023-12-22 23:29:03.193 [info] Added views:workbench.panel.markers.view in workbench.panel.markers
2023-12-22 23:29:03.193 [info] Added views:workbench.panel.output in workbench.panel.output
2023-12-22 23:29:03.193 [info] Added views:terminal in terminal
2023-12-22 23:29:03.193 [info] Added views:outline in workbench.view.explorer
2023-12-22 23:29:03.193 [info] Added views:workbench.scm in workbench.view.scm
2023-12-22 23:29:03.193 [info] Added views:workbench.view.search in workbench.view.search
2023-12-22 23:29:03.193 [info] Added views:timeline in workbench.view.explorer
2023-12-22 23:29:03.193 [info] Added views:workbench.explorer.fileView in workbench.view.explorer
2023-12-22 23:29:03.346 [info] Added views:workspaceEnvironments,pythonEnvironments in workbench.view.extension.package-explorer
2023-12-22 23:29:03.578 [info] Added views:workbench.debug.variablesView,workbench.debug.watchExpressionsView,workbench.debug.callStackView,workbench.debug.breakPointsView in workbench.view.debug
2023-12-22 23:29:03.600 [info] Added views:workbench.panel.repl.view in workbench.panel.repl
2023-12-22 23:29:03.601 [info] Removed views:workbench.debug.breakPointsView,workbench.debug.callStackView,workbench.debug.watchExpressionsView,workbench.debug.variablesView from workbench.view.debug
2023-12-22 23:29:03.601 [info] Added views:workbench.debug.welcome in workbench.view.debug
2023-12-22 23:29:03.746 [info] Added views:~remote.forwardedPorts in ~remote.forwardedPortsContainer
2023-12-22 23:29:04.292 [info] Added views:workbench.view.testing in workbench.view.extension.test
2023-12-22 23:29:04.343 [info] Added views:dartDependencyTree in workbench.view.explorer
2023-12-22 23:29:04.347 [info] Added views:dartFlutterOutline in workbench.view.extension.flutter
2023-12-22 23:29:26.378 [info] Removed views:workbench.view.testing from workbench.view.extension.test
2023-12-22 23:29:27.009 [info] Added views:workbench.panel.markers.view in workbench.panel.markers
2023-12-22 23:29:27.009 [info] Added views:workbench.panel.output in workbench.panel.output
2023-12-22 23:29:27.009 [info] Added views:terminal in terminal
2023-12-22 23:29:27.009 [info] Added views:outline in workbench.view.explorer
2023-12-22 23:29:27.009 [info] Added views:workbench.scm in workbench.view.scm
2023-12-22 23:29:27.009 [info] Added views:workbench.view.search in workbench.view.search
2023-12-22 23:29:27.009 [info] Added views:timeline in workbench.view.explorer
2023-12-22 23:29:27.009 [info] Added views:workbench.explorer.fileView in workbench.view.explorer
2023-12-22 23:29:27.187 [info] Added views:workbench.debug.welcome in workbench.view.debug
2023-12-22 23:29:27.506 [info] Added views:workspaceEnvironments,pythonEnvironments in workbench.view.extension.package-explorer
2023-12-22 23:29:28.008 [info] Added views:workbench.panel.repl.view in workbench.panel.repl
2023-12-22 23:29:28.679 [info] Added views:workbench.view.testing in workbench.view.extension.test
2023-12-22 23:29:28.719 [info] Added views:dartDependencyTree in workbench.view.explorer
2023-12-22 23:29:28.776 [info] Added views:dartFlutterOutline in workbench.view.extension.flutter
2023-12-22 23:29:33.120 [info] Added views:~remote.forwardedPorts in ~remote.forwardedPortsContainer
2023-12-22 23:29:40.375 [info] Removed views:workbench.view.testing from workbench.view.extension.test
2023-12-22 23:29:40.732 [info] Added views:workbench.panel.markers.view in workbench.panel.markers
2023-12-22 23:29:40.732 [info] Added views:workbench.panel.output in workbench.panel.output
2023-12-22 23:29:40.732 [info] Added views:terminal in terminal
2023-12-22 23:29:40.732 [info] Added views:outline in workbench.view.explorer
2023-12-22 23:29:40.732 [info] Added views:workbench.scm in workbench.view.scm
2023-12-22 23:29:40.732 [info] Added views:workbench.view.search in workbench.view.search
2023-12-22 23:29:40.732 [info] Added views:timeline in workbench.view.explorer
2023-12-22 23:29:40.732 [info] Added views:workbench.explorer.fileView in workbench.view.explorer
2023-12-22 23:29:40.799 [info] Added views:workbench.debug.welcome in workbench.view.debug
2023-12-22 23:29:41.191 [info] Added views:workspaceEnvironments,pythonEnvironments in workbench.view.extension.package-explorer
2023-12-22 23:29:41.556 [info] Added views:workbench.panel.repl.view in workbench.panel.repl
2023-12-22 23:29:42.038 [info] Added views:workbench.view.testing in workbench.view.extension.test
2023-12-22 23:29:42.081 [info] Added views:dartDependencyTree in workbench.view.explorer
2023-12-22 23:29:42.089 [info] Added views:dartFlutterOutline in workbench.view.extension.flutter
2023-12-22 23:29:45.849 [info] Added views:~remote.forwardedPorts in ~remote.forwardedPortsContainer
2023-12-22 23:47:52.240 [info] Removed views:workbench.view.testing from workbench.view.extension.test
