2024-01-06 21:10:24.913 [info] 日志级别: Info
2024-01-06 21:10:24.913 [info] 正在验证在以下位置找到的 git: "git"
2024-01-06 21:10:24.913 [info] 将使用位于 "2.43.0" 的 Git "git"
2024-01-06 21:10:24.913 [info] > git rev-parse --show-toplevel [5ms]
2024-01-06 21:10:24.913 [info] fatal: not a git repository (or any of the parent directories): .git
2024-01-06 21:10:24.913 [info] > git rev-parse --show-toplevel [11ms]
2024-01-06 21:10:24.913 [info] fatal: not a git repository (or any of the parent directories): .git
2024-01-06 21:10:24.915 [info] > git rev-parse --show-toplevel [2ms]
2024-01-06 21:10:24.915 [info] fatal: not a git repository (or any of the parent directories): .git
2024-01-06 21:10:24.925 [info] > git rev-parse --show-toplevel [4ms]
2024-01-06 21:10:24.925 [info] fatal: not a git repository (or any of the parent directories): .git
2024-01-06 21:10:24.933 [info] > git rev-parse --show-toplevel [2ms]
2024-01-06 21:10:24.933 [info] fatal: not a git repository (or any of the parent directories): .git
2024-01-06 21:10:25.721 [info] > git rev-parse --show-toplevel [781ms]
2024-01-06 21:10:25.721 [info] fatal: not a git repository (or any of the parent directories): .git
2024-01-06 21:10:25.901 [info] > git rev-parse --show-toplevel [67ms]
2024-01-06 21:10:25.901 [info] fatal: not a git repository (or any of the parent directories): .git
2024-01-06 21:10:25.989 [info] > git rev-parse --show-toplevel [12ms]
2024-01-06 21:10:25.989 [info] fatal: not a git repository (or any of the parent directories): .git
2024-01-06 21:10:26.006 [info] > git rev-parse --show-toplevel [3ms]
2024-01-06 21:10:26.006 [info] fatal: not a git repository (or any of the parent directories): .git
2024-01-06 21:10:26.022 [info] > git rev-parse --show-toplevel [4ms]
2024-01-06 21:10:26.022 [info] fatal: not a git repository (or any of the parent directories): .git
2024-01-06 21:10:26.036 [info] > git rev-parse --show-toplevel [2ms]
2024-01-06 21:10:26.036 [info] fatal: not a git repository (or any of the parent directories): .git
2024-01-06 21:10:26.067 [info] > git rev-parse --show-toplevel [5ms]
2024-01-06 21:10:26.067 [info] fatal: not a git repository (or any of the parent directories): .git
2024-01-06 21:10:26.078 [info] > git rev-parse --show-toplevel [1ms]
2024-01-06 21:10:26.078 [info] fatal: not a git repository (or any of the parent directories): .git
2024-01-06 21:10:26.087 [info] > git rev-parse --show-toplevel [1ms]
2024-01-06 21:10:26.087 [info] fatal: not a git repository (or any of the parent directories): .git
2024-01-06 21:10:26.097 [info] > git rev-parse --show-toplevel [1ms]
2024-01-06 21:10:26.097 [info] fatal: not a git repository (or any of the parent directories): .git
2024-01-06 21:10:26.105 [info] > git rev-parse --show-toplevel [1ms]
2024-01-06 21:10:26.105 [info] fatal: not a git repository (or any of the parent directories): .git
2024-01-06 21:10:33.221 [info] > git rev-parse --show-toplevel [2ms]
2024-01-06 21:10:33.221 [info] fatal: not a git repository (or any of the parent directories): .git
2024-01-06 21:10:35.289 [info] > git rev-parse --show-toplevel [1ms]
2024-01-06 21:10:35.289 [info] fatal: not a git repository (or any of the parent directories): .git
2024-01-06 21:11:57.505 [info] > git rev-parse --show-toplevel [2ms]
2024-01-06 21:11:57.506 [info] fatal: not a git repository (or any of the parent directories): .git
2024-01-06 21:13:26.434 [info] > git rev-parse --show-toplevel [2ms]
2024-01-06 21:13:26.434 [info] fatal: not a git repository (or any of the parent directories): .git
2024-01-06 21:13:36.655 [info] > git rev-parse --show-toplevel [3ms]
2024-01-06 21:13:36.656 [info] fatal: not a git repository (or any of the parent directories): .git
2024-01-06 21:13:39.755 [info] > git rev-parse --show-toplevel [2ms]
2024-01-06 21:13:39.755 [info] fatal: not a git repository (or any of the parent directories): .git
2024-01-06 21:14:31.129 [info] > git rev-parse --show-toplevel [1ms]
2024-01-06 21:14:31.129 [info] fatal: not a git repository (or any of the parent directories): .git
