2024-01-07 10:56:42.248 [info] 日志级别: Info
2024-01-07 10:56:42.248 [info] 正在验证在以下位置找到的 git: "git"
2024-01-07 10:56:42.248 [info] 将使用位于 "2.43.0" 的 Git "git"
2024-01-07 10:56:42.248 [info] > git rev-parse --show-toplevel [2ms]
2024-01-07 10:56:42.248 [info] fatal: not a git repository (or any of the parent directories): .git
2024-01-07 10:56:42.248 [info] > git rev-parse --show-toplevel [3ms]
2024-01-07 10:56:42.248 [info] fatal: not a git repository (or any of the parent directories): .git
2024-01-07 10:56:42.249 [info] > git rev-parse --show-toplevel [0ms]
2024-01-07 10:56:42.249 [info] fatal: not a git repository (or any of the parent directories): .git
2024-01-07 10:56:42.256 [info] > git rev-parse --show-toplevel [2ms]
2024-01-07 10:56:42.256 [info] fatal: not a git repository (or any of the parent directories): .git
2024-01-07 10:56:42.267 [info] > git rev-parse --show-toplevel [3ms]
2024-01-07 10:56:42.267 [info] fatal: not a git repository (or any of the parent directories): .git
2024-01-07 10:56:42.273 [info] > git rev-parse --show-toplevel [1ms]
2024-01-07 10:56:42.274 [info] fatal: not a git repository (or any of the parent directories): .git
2024-01-07 10:56:42.292 [info] > git rev-parse --show-toplevel [7ms]
2024-01-07 10:56:42.292 [info] fatal: not a git repository (or any of the parent directories): .git
2024-01-07 10:56:42.302 [info] > git rev-parse --show-toplevel [1ms]
2024-01-07 10:56:42.302 [info] fatal: not a git repository (or any of the parent directories): .git
2024-01-07 10:56:42.377 [info] > git rev-parse --show-toplevel [67ms]
2024-01-07 10:56:42.377 [info] fatal: not a git repository (or any of the parent directories): .git
2024-01-07 10:56:42.387 [info] > git rev-parse --show-toplevel [3ms]
2024-01-07 10:56:42.387 [info] fatal: not a git repository (or any of the parent directories): .git
2024-01-07 10:56:42.395 [info] > git rev-parse --show-toplevel [4ms]
2024-01-07 10:56:42.395 [info] fatal: not a git repository (or any of the parent directories): .git
2024-01-07 10:56:42.403 [info] > git rev-parse --show-toplevel [3ms]
2024-01-07 10:56:42.403 [info] fatal: not a git repository (or any of the parent directories): .git
2024-01-07 10:56:42.409 [info] > git rev-parse --show-toplevel [1ms]
2024-01-07 10:56:42.409 [info] fatal: not a git repository (or any of the parent directories): .git
2024-01-07 10:56:42.427 [info] > git rev-parse --show-toplevel [2ms]
2024-01-07 10:56:42.427 [info] fatal: not a git repository (or any of the parent directories): .git
2024-01-07 10:56:42.478 [info] > git rev-parse --show-toplevel [4ms]
2024-01-07 10:56:42.478 [info] fatal: not a git repository (or any of the parent directories): .git
2024-01-07 10:56:43.126 [info] > git rev-parse --show-toplevel [15ms]
2024-01-07 10:56:43.126 [info] fatal: not a git repository (or any of the parent directories): .git
2024-01-07 10:56:43.161 [info] > git rev-parse --show-toplevel [1ms]
2024-01-07 10:56:43.161 [info] fatal: not a git repository (or any of the parent directories): .git
2024-01-07 10:56:43.173 [info] > git rev-parse --show-toplevel [1ms]
2024-01-07 10:56:43.173 [info] fatal: not a git repository (or any of the parent directories): .git
