2023-12-05 19:01:17.169 [info] Extension host with pid 127130 started
2023-12-05 19:01:17.169 [info] Skipping acquiring lock for /home/hanasa/.config/Code/User/workspaceStorage/a5184c3099774a3ce75b41dc3ad7482c.
2023-12-05 19:01:17.373 [info] ExtensionService#_doActivateExtension vscode.emmet, startup: false, activationEvent: 'onLanguage'
2023-12-05 19:01:17.373 [info] ExtensionService#_doActivateExtension batisteo.vscode-django, startup: false, activationEvent: 'onLanguage:python'
2023-12-05 19:01:17.380 [info] ExtensionService#_doActivateExtension KevinRose.vsc-python-indent, startup: false, activationEvent: 'onLanguage:python'
2023-12-05 19:01:17.382 [info] ExtensionService#_doActivateExtension ms-python.python, startup: false, activationEvent: 'onLanguage:python'
2023-12-05 19:01:17.382 [info] ExtensionService#_doActivateExtension njpwerner.autodocstring, startup: false, activationEvent: 'onLanguage:python'
2023-12-05 19:01:17.390 [info] ExtensionService#_doActivateExtension VisualStudioExptTeam.intellicode-api-usage-examples, startup: false, activationEvent: 'onLanguage:python'
2023-12-05 19:01:17.434 [info] ExtensionService#_doActivateExtension VisualStudioExptTeam.vscodeintellicode, startup: false, activationEvent: 'onLanguage:python'
2023-12-05 19:01:17.914 [warning] Using default string since no string found in i18n bundle that has the key: You need to select a Python interpreter before you start debugging.

Tip: click on "Select Interpreter" in the status bar.
2023-12-05 19:01:17.920 [warning] Using default string since no string found in i18n bundle that has the key: The Python extension now includes Pylance to improve completions, code navigation, overall performance and much more! You can learn more about the update and learn how to change your language server [here](https://aka.ms/new-python-bundle).

Read Pylance's license [here](https://marketplace.visualstudio.com/items/ms-python.vscode-pylance/license).
2023-12-05 19:01:17.922 [warning] Using default string since no string found in i18n bundle that has the key: The Microsoft Python Language Server has reached end of life. Your language server has been set to the default for Python in VS Code, Pylance.

If you'd like to change your language server, you can learn about how to do so [here](https://devblogs.microsoft.com/python/python-in-visual-studio-code-may-2021-release/#configuring-your-language-server).

Read Pylance's license [here](https://marketplace.visualstudio.com/items/ms-python.vscode-pylance/license).
2023-12-05 19:01:18.565 [info] ExtensionService#_doActivateExtension ms-python.vscode-pylance, startup: false, activationEvent: 'onLanguage:python'
2023-12-05 19:01:18.957 [info] ExtensionService#_doActivateExtension vscode.git-base, startup: true, activationEvent: '*', root cause: vscode.git
2023-12-05 19:01:18.959 [info] ExtensionService#_doActivateExtension manasxx.background-cover, startup: true, activationEvent: '*'
2023-12-05 19:01:21.584 [info] ExtensionService#_doActivateExtension vscode.git, startup: true, activationEvent: '*'
2023-12-05 19:01:21.585 [info] ExtensionService#_doActivateExtension vscode.github, startup: true, activationEvent: '*'
2023-12-05 19:01:21.781 [info] Eager extensions activated
2023-12-05 19:01:21.840 [info] ExtensionService#_doActivateExtension vscode.debug-auto-launch, startup: false, activationEvent: 'onStartupFinished'
2023-12-05 19:01:21.841 [info] ExtensionService#_doActivateExtension vscode.merge-conflict, startup: false, activationEvent: 'onStartupFinished'
2023-12-05 19:01:21.842 [info] ExtensionService#_doActivateExtension Catppuccin.catppuccin-vsc, startup: false, activationEvent: 'onStartupFinished'
2023-12-05 19:01:21.848 [info] ExtensionService#_doActivateExtension equinusocio.vsc-material-theme-icons, startup: false, activationEvent: 'onStartupFinished'
2023-12-05 19:01:21.887 [info] ExtensionService#_doActivateExtension unthrottled.doki-theme, startup: false, activationEvent: 'onStartupFinished'
2023-12-05 19:01:21.921 [info] ExtensionService#_doActivateExtension vscodevim.vim, startup: false, activationEvent: 'onStartupFinished'
2023-12-05 19:01:22.065 [info] ExtensionService#_doActivateExtension yy0931.vscode-sqlite3-editor, startup: false, activationEvent: 'onStartupFinished'
2023-12-05 19:01:24.049 [error] Error: ENOENT: no such file or directory, open '/home/hanasa/.config/Code/User/globalStorage/vscodevim.vim/.registers'
2023-12-05 19:09:52.950 [info] ExtensionService#_doActivateExtension vscode.simple-browser, startup: false, activationEvent: 'onOpenExternalUri:http'
2023-12-05 20:46:24.288 [info] Extension host terminating: renderer closed the MessagePort
2023-12-05 20:46:24.297 [error] TypeError: e.clear is not a function
	at _.cleanUp (/home/hanasa/.vscode/extensions/ms-python.python-2023.20.0/out/client/extension.js:2:2412859)
	at _.shutdown (/home/hanasa/.vscode/extensions/ms-python.python-2023.20.0/out/client/extension.js:2:2412035)
	at _.stop (/home/hanasa/.vscode/extensions/ms-python.python-2023.20.0/out/client/extension.js:2:2411463)
	at _.stop (/home/hanasa/.vscode/extensions/ms-python.python-2023.20.0/out/client/extension.js:2:2577851)
	at Object.stop (/home/hanasa/.vscode/extensions/ms-python.python-2023.20.0/out/client/extension.js:2:52694)
	at Object.stop (/home/hanasa/.vscode/extensions/ms-python.vscode-pylance-2023.11.10/dist/extension.bundle.js:1:167421)
	at _0x245439.<computed>._stopClient (/home/hanasa/.vscode/extensions/ms-python.vscode-pylance-2023.11.10/dist/extension.bundle.js:1:110729)
	at _0x245439.<computed>._createNewRequest (/home/hanasa/.vscode/extensions/ms-python.vscode-pylance-2023.11.10/dist/extension.bundle.js:1:110308)
2023-12-05 20:46:24.297 [error] TypeError: e.clear is not a function
	at _.cleanUp (/home/hanasa/.vscode/extensions/ms-python.python-2023.20.0/out/client/extension.js:2:2412859)
	at _.shutdown (/home/hanasa/.vscode/extensions/ms-python.python-2023.20.0/out/client/extension.js:2:2412035)
	at _.stop (/home/hanasa/.vscode/extensions/ms-python.python-2023.20.0/out/client/extension.js:2:2411463)
	at _.stop (/home/hanasa/.vscode/extensions/ms-python.python-2023.20.0/out/client/extension.js:2:2577851)
	at Object.stop (/home/hanasa/.vscode/extensions/ms-python.python-2023.20.0/out/client/extension.js:2:52694)
	at Object.stop (/home/hanasa/.vscode/extensions/ms-python.vscode-pylance-2023.11.10/dist/extension.bundle.js:1:167421)
	at _0x245439.<computed>._stopClient (/home/hanasa/.vscode/extensions/ms-python.vscode-pylance-2023.11.10/dist/extension.bundle.js:1:110729)
	at _0x245439.<computed>._createNewRequest (/home/hanasa/.vscode/extensions/ms-python.vscode-pylance-2023.11.10/dist/extension.bundle.js:1:110308)
2023-12-05 20:46:24.298 [error] Error: ENOENT: no such file or directory, open '/home/hanasa/.config/Code/User/globalStorage/vscodevim.vim/.registers'
2023-12-05 20:46:24.298 [info] Extension host with pid 127130 exiting with code 0
