2024-01-10 00:01:10.580 [info] Added views:workbench.panel.markers.view in workbench.panel.markers
2024-01-10 00:01:10.580 [info] Added views:workbench.panel.output in workbench.panel.output
2024-01-10 00:01:10.580 [info] Added views:terminal in terminal
2024-01-10 00:01:10.580 [info] Added views:outline in workbench.view.explorer
2024-01-10 00:01:10.580 [info] Added views:workbench.scm in workbench.view.scm
2024-01-10 00:01:10.580 [info] Added views:workbench.view.search in workbench.view.search
2024-01-10 00:01:10.580 [info] Added views:timeline in workbench.view.explorer
2024-01-10 00:01:10.580 [info] Added views:workbench.explorer.fileView in workbench.view.explorer
2024-01-10 00:01:11.426 [info] Added views:workspaceEnvironments,pythonEnvironments in workbench.view.extension.package-explorer
2024-01-10 00:01:11.886 [info] Added views:workbench.debug.welcome in workbench.view.debug
2024-01-10 00:01:12.091 [info] Added views:workbench.panel.repl.view in workbench.panel.repl
2024-01-10 00:01:12.955 [info] Added views:workbench.view.testing in workbench.view.extension.test
2024-01-10 00:01:13.091 [info] Added views:dartDependencyTree in workbench.view.explorer
2024-01-10 00:01:13.117 [info] Added views:dartFlutterOutline in workbench.view.extension.flutter
2024-01-10 00:01:19.539 [info] Added views:~remote.forwardedPorts in ~remote.forwardedPortsContainer
2024-01-10 00:01:37.148 [info] Removed views:workbench.view.testing from workbench.view.extension.test
2024-01-10 00:01:37.886 [info] Added views:workbench.panel.markers.view in workbench.panel.markers
2024-01-10 00:01:37.886 [info] Added views:workbench.panel.output in workbench.panel.output
2024-01-10 00:01:37.886 [info] Added views:terminal in terminal
2024-01-10 00:01:37.886 [info] Added views:outline in workbench.view.explorer
2024-01-10 00:01:37.886 [info] Added views:workbench.scm in workbench.view.scm
2024-01-10 00:01:37.886 [info] Added views:workbench.view.search in workbench.view.search
2024-01-10 00:01:37.886 [info] Added views:timeline in workbench.view.explorer
2024-01-10 00:01:37.886 [info] Added views:workbench.explorer.fileView in workbench.view.explorer
2024-01-10 00:01:38.116 [info] Added views:workbench.debug.welcome in workbench.view.debug
2024-01-10 00:01:38.628 [info] Added views:workspaceEnvironments,pythonEnvironments in workbench.view.extension.package-explorer
2024-01-10 00:01:38.963 [info] Added views:workbench.panel.repl.view in workbench.panel.repl
2024-01-10 00:01:40.682 [info] Added views:workbench.view.testing in workbench.view.extension.test
2024-01-10 00:01:43.315 [info] Added views:~remote.forwardedPorts in ~remote.forwardedPortsContainer
2024-01-10 00:06:52.423 [info] Removed views:workbench.view.testing from workbench.view.extension.test
